[03:47:59.196][INFO][CraftTweaker-EarlyInit]: CraftTweaker is running on a Minecraft 1.20.1 production server modded with platform Forge
[03:47:59.210][INFO][CraftTweaker-EarlyInit]: Successfully injected RecipeFS file system
[03:47:59.249][INFO][CraftTweaker-Plugins]: Successfully identified and loaded plugin farmersdelight:crafttweaker_plugin
[03:47:59.257][INFO][CraftTweaker-Plugins]: Successfully identified and loaded plugin refurbished_furniture:plugin
[03:47:59.287][INFO][CraftTweaker-Plugins]: Successfully identified and loaded plugin crafttweaker:builtin
[03:47:59.297][INFO][CraftTweaker-Plugins]: Successfully identified and loaded plugin crafttweaker:builtin_forge
[03:48:00.681][INFO][CraftTweaker]: The following mods have explicit CraftTweaker support through the default plugin:
[03:48:00.682][INFO][CraftTweaker]: - 'crafttweaker' at version '14.0.43'
[03:48:00.682][INFO][CraftTweaker]: - 'farmersdelight' at version '1.20.1-1.2.4'
[03:48:00.682][INFO][CraftTweaker]: - 'refurbished_furniture' at version '1.0.6'
[03:48:21.943][INFO][CraftTweaker-ZenCode]: Started loading scripts for loader 'initialize'
[03:48:22.811][INFO][CraftTweaker-ZenCode]: Compiling and executing scripts
[03:48:22.858][INFO][CraftTweaker-ZenCode]: Successfully initialized modules [crafttweaker, expansions]
[03:48:22.995][INFO][CraftTweaker-ZenCode]: Execution for loader 'initialize' completed successfully
[03:48:47.953][INFO][CraftTweaker-ZenCode]: Started loading scripts for loader 'tags'
[03:48:48.024][INFO][CraftTweaker-ZenCode]: Compiling and executing scripts
[03:48:48.067][INFO][CraftTweaker-ZenCode]: Successfully initialized modules [crafttweaker, expansions]
[03:48:48.101][INFO][CraftTweaker-ZenCode]: Execution for loader 'tags' completed successfully
[03:48:53.982][INFO][CraftTweaker]: crafttweaker.reload.start
[03:48:53.989][INFO][CraftTweaker-ZenCode]: Started loading scripts for loader 'crafttweaker'
[03:48:54.042][INFO][CraftTweaker-ZenCode]: Compiling and executing scripts
[03:48:54.671][INFO][CraftTweaker-ZenCode]: Successfully initialized modules [mods, crafttweaker, expansions]
[03:48:54.681][INFO][CraftTweaker-ZenCode]: Loading file 'prueba1.zs' with priority 0
[03:48:54.721][INFO][CraftTweaker]: Removing all recipes that output <item:lightmanscurrency:coinmint>
[03:48:54.759][INFO][CraftTweaker]: Removed 1 recipes registered in these 1 recipe managers: [<recipetype:minecraft:crafting>: 1]
[03:48:54.759][INFO][CraftTweaker]: Removing all recipes that output <item:lightmanscurrency:ticket_machine>
[03:48:54.776][INFO][CraftTweaker]: Removed 1 recipes registered in these 1 recipe managers: [<recipetype:minecraft:crafting>: 1]
[03:48:54.776][INFO][CraftTweaker-ZenCode]: Execution for loader 'crafttweaker' completed successfully
[03:48:54.778][INFO][CraftTweaker]: crafttweaker.reload.complete
[03:48:54.778][INFO][CraftTweaker]: This reload was made possible by Belathus and more! Become a patron at https://patreon.com/jaredlll08?s=crtmod
